<?xml version="1.0" encoding="UTF-8"?>
<coverage generated="1654810106936" clover="3.2.0">
  <project timestamp="1654810106936" name="All files">
    <metrics statements="7" coveredstatements="0" conditionals="0" coveredconditionals="0" methods="1" coveredmethods="0" elements="8" coveredelements="0" complexity="0" loc="7" ncloc="7" packages="1" files="2" classes="2"/>
    <file name="Selector.js" path="C:\Users\Admin\Documents\Microverse\todo-list\src\modules\Selector.js">
      <metrics statements="4" coveredstatements="0" conditionals="0" coveredconditionals="0" methods="0" coveredmethods="0"/>
      <line num="1" count="0" type="stmt"/>
      <line num="2" count="0" type="stmt"/>
      <line num="3" count="0" type="stmt"/>
      <line num="4" count="0" type="stmt"/>
    </file>
    <file name="Todo.js" path="C:\Users\Admin\Documents\Microverse\todo-list\src\modules\Todo.js">
      <metrics statements="3" coveredstatements="0" conditionals="0" coveredconditionals="0" methods="1" coveredmethods="0"/>
      <line num="3" count="0" type="stmt"/>
      <line num="4" count="0" type="stmt"/>
      <line num="5" count="0" type="stmt"/>
    </file>
  </project>
</coverage>
